{"/Users/taku/Desktop/ui-test-lesson/src/components/AsyncComponent.tsx": {"path":"/Users/taku/Desktop/ui-test-lesson/src/components/AsyncComponent.tsx","statementMap":{"0":{"start":{"line":1,"column":0},"end":{"line":1,"column":33}},"1":{"start":{"line":3,"column":33},"end":{"line":19,"column":1}},"2":{"start":{"line":4,"column":26},"end":{"line":4,"column":50}},"3":{"start":{"line":6,"column":21},"end":{"line":11,"column":3}},"4":{"start":{"line":7,"column":4},"end":{"line":7,"column":26}},"5":{"start":{"line":8,"column":4},"end":{"line":10,"column":13}},"6":{"start":{"line":9,"column":6},"end":{"line":9,"column":30}},"7":{"start":{"line":13,"column":2},"end":{"line":18,"column":4}},"8":{"start":{"line":21,"column":0},"end":{"line":21,"column":30}}},"fnMap":{"0":{"name":"(anonymous_0)","decl":{"start":{"line":3,"column":33},"end":{"line":3,"column":36}},"loc":{"start":{"line":3,"column":38},"end":{"line":19,"column":1}}},"1":{"name":"(anonymous_1)","decl":{"start":{"line":6,"column":21},"end":{"line":6,"column":26}},"loc":{"start":{"line":6,"column":32},"end":{"line":11,"column":3}}},"2":{"name":"(anonymous_2)","decl":{"start":{"line":8,"column":15},"end":{"line":8,"column":18}},"loc":{"start":{"line":8,"column":20},"end":{"line":10,"column":5}}}},"branchMap":{},"s":{"0":1,"1":1,"2":3,"3":3,"4":1,"5":1,"6":1,"7":3,"8":1},"f":{"0":3,"1":1,"2":1},"b":{}}
,"/Users/taku/Desktop/ui-test-lesson/src/components/Button.tsx": {"path":"/Users/taku/Desktop/ui-test-lesson/src/components/Button.tsx","statementMap":{"0":{"start":{"line":7,"column":38},"end":{"line":17,"column":1}},"1":{"start":{"line":8,"column":22},"end":{"line":10,"column":46}},"2":{"start":{"line":12,"column":2},"end":{"line":16,"column":4}},"3":{"start":{"line":19,"column":0},"end":{"line":19,"column":22}}},"fnMap":{"0":{"name":"(anonymous_0)","decl":{"start":{"line":7,"column":38},"end":{"line":7,"column":39}},"loc":{"start":{"line":7,"column":70},"end":{"line":17,"column":1}}}},"branchMap":{"0":{"loc":{"start":{"line":8,"column":22},"end":{"line":10,"column":46}},"type":"cond-expr","locations":[{"start":{"line":9,"column":4},"end":{"line":9,"column":46}},{"start":{"line":10,"column":4},"end":{"line":10,"column":46}}]}},"s":{"0":1,"1":1,"2":1,"3":1},"f":{"0":1},"b":{"0":[0,1]}}
,"/Users/taku/Desktop/ui-test-lesson/src/components/Form.tsx": {"path":"/Users/taku/Desktop/ui-test-lesson/src/components/Form.tsx","statementMap":{"0":{"start":{"line":1,"column":0},"end":{"line":1,"column":44}},"1":{"start":{"line":3,"column":13},"end":{"line":22,"column":1}},"2":{"start":{"line":4,"column":38},"end":{"line":4,"column":50}},"3":{"start":{"line":6,"column":23},"end":{"line":9,"column":3}},"4":{"start":{"line":7,"column":4},"end":{"line":7,"column":27}},"5":{"start":{"line":8,"column":4},"end":{"line":8,"column":38}},"6":{"start":{"line":11,"column":2},"end":{"line":21,"column":4}},"7":{"start":{"line":16,"column":25},"end":{"line":16,"column":54}},"8":{"start":{"line":24,"column":0},"end":{"line":24,"column":20}}},"fnMap":{"0":{"name":"(anonymous_0)","decl":{"start":{"line":3,"column":13},"end":{"line":3,"column":16}},"loc":{"start":{"line":3,"column":18},"end":{"line":22,"column":1}}},"1":{"name":"(anonymous_1)","decl":{"start":{"line":6,"column":23},"end":{"line":6,"column":24}},"loc":{"start":{"line":6,"column":61},"end":{"line":9,"column":3}}},"2":{"name":"(anonymous_2)","decl":{"start":{"line":16,"column":18},"end":{"line":16,"column":19}},"loc":{"start":{"line":16,"column":25},"end":{"line":16,"column":54}}}},"branchMap":{},"s":{"0":1,"1":1,"2":11,"3":11,"4":1,"5":1,"6":11,"7":9,"8":1},"f":{"0":11,"1":1,"2":9},"b":{}}
,"/Users/taku/Desktop/ui-test-lesson/src/components/SnapshotComponent.tsx": {"path":"/Users/taku/Desktop/ui-test-lesson/src/components/SnapshotComponent.tsx","statementMap":{"0":{"start":{"line":5,"column":43},"end":{"line":11,"column":1}},"1":{"start":{"line":6,"column":2},"end":{"line":10,"column":4}},"2":{"start":{"line":13,"column":0},"end":{"line":13,"column":33}}},"fnMap":{"0":{"name":"(anonymous_0)","decl":{"start":{"line":5,"column":43},"end":{"line":5,"column":44}},"loc":{"start":{"line":5,"column":56},"end":{"line":11,"column":1}}}},"branchMap":{},"s":{"0":1,"1":1,"2":1},"f":{"0":1},"b":{}}
,"/Users/taku/Desktop/ui-test-lesson/src/components/UserSearch.tsx": {"path":"/Users/taku/Desktop/ui-test-lesson/src/components/UserSearch.tsx","statementMap":{"0":{"start":{"line":8,"column":0},"end":{"line":8,"column":33}},"1":{"start":{"line":9,"column":0},"end":{"line":9,"column":26}},"2":{"start":{"line":16,"column":26},"end":{"line":32,"column":1}},"3":{"start":{"line":17,"column":28},"end":{"line":17,"column":40}},"4":{"start":{"line":18,"column":26},"end":{"line":18,"column":53}},"5":{"start":{"line":20,"column":17},"end":{"line":23,"column":3}},"6":{"start":{"line":21,"column":21},"end":{"line":21,"column":71}},"7":{"start":{"line":22,"column":4},"end":{"line":22,"column":18}},"8":{"start":{"line":25,"column":2},"end":{"line":31,"column":4}},"9":{"start":{"line":27,"column":44},"end":{"line":27,"column":68}},"10":{"start":{"line":16,"column":13},"end":{"line":16,"column":26}}},"fnMap":{"0":{"name":"(anonymous_0)","decl":{"start":{"line":16,"column":26},"end":{"line":16,"column":29}},"loc":{"start":{"line":16,"column":31},"end":{"line":32,"column":1}}},"1":{"name":"(anonymous_1)","decl":{"start":{"line":20,"column":17},"end":{"line":20,"column":22}},"loc":{"start":{"line":20,"column":28},"end":{"line":23,"column":3}}},"2":{"name":"(anonymous_2)","decl":{"start":{"line":27,"column":37},"end":{"line":27,"column":38}},"loc":{"start":{"line":27,"column":44},"end":{"line":27,"column":68}}}},"branchMap":{"0":{"loc":{"start":{"line":29,"column":7},"end":{"line":29,"column":37}},"type":"binary-expr","locations":[{"start":{"line":29,"column":7},"end":{"line":29,"column":11}},{"start":{"line":29,"column":15},"end":{"line":29,"column":37}}]}},"s":{"0":1,"1":1,"2":1,"3":12,"4":12,"5":12,"6":2,"7":2,"8":12,"9":8,"10":1},"f":{"0":12,"1":2,"2":8},"b":{"0":[12,2]}}
,"/Users/taku/Desktop/ui-test-lesson/src/hooks/useCounter.tsx": {"path":"/Users/taku/Desktop/ui-test-lesson/src/hooks/useCounter.tsx","statementMap":{"0":{"start":{"line":1,"column":0},"end":{"line":1,"column":33}},"1":{"start":{"line":3,"column":19},"end":{"line":10,"column":1}},"2":{"start":{"line":4,"column":28},"end":{"line":4,"column":50}},"3":{"start":{"line":6,"column":20},"end":{"line":6,"column":64}},"4":{"start":{"line":6,"column":26},"end":{"line":6,"column":64}},"5":{"start":{"line":6,"column":50},"end":{"line":6,"column":63}},"6":{"start":{"line":7,"column":20},"end":{"line":7,"column":64}},"7":{"start":{"line":7,"column":26},"end":{"line":7,"column":64}},"8":{"start":{"line":7,"column":50},"end":{"line":7,"column":63}},"9":{"start":{"line":9,"column":2},"end":{"line":9,"column":41}},"10":{"start":{"line":12,"column":0},"end":{"line":12,"column":26}}},"fnMap":{"0":{"name":"(anonymous_0)","decl":{"start":{"line":3,"column":19},"end":{"line":3,"column":20}},"loc":{"start":{"line":3,"column":44},"end":{"line":10,"column":1}}},"1":{"name":"(anonymous_1)","decl":{"start":{"line":6,"column":20},"end":{"line":6,"column":23}},"loc":{"start":{"line":6,"column":26},"end":{"line":6,"column":64}}},"2":{"name":"(anonymous_2)","decl":{"start":{"line":6,"column":35},"end":{"line":6,"column":36}},"loc":{"start":{"line":6,"column":50},"end":{"line":6,"column":63}}},"3":{"name":"(anonymous_3)","decl":{"start":{"line":7,"column":20},"end":{"line":7,"column":23}},"loc":{"start":{"line":7,"column":26},"end":{"line":7,"column":64}}},"4":{"name":"(anonymous_4)","decl":{"start":{"line":7,"column":35},"end":{"line":7,"column":36}},"loc":{"start":{"line":7,"column":50},"end":{"line":7,"column":63}}}},"branchMap":{},"s":{"0":1,"1":1,"2":2,"3":2,"4":1,"5":1,"6":2,"7":0,"8":0,"9":2,"10":1},"f":{"0":2,"1":1,"2":1,"3":0,"4":0},"b":{}}
}
