TN:
SF:src/components/AsyncComponent.tsx
FN:3,(anonymous_0)
FN:6,(anonymous_1)
FN:8,(anonymous_2)
FNF:3
FNH:3
FNDA:3,(anonymous_0)
FNDA:1,(anonymous_1)
FNDA:1,(anonymous_2)
DA:1,1
DA:3,1
DA:4,3
DA:6,3
DA:7,1
DA:8,1
DA:9,1
DA:13,3
DA:21,1
LF:9
LH:9
BRF:0
BRH:0
end_of_record
TN:
SF:src/components/Button.tsx
FN:7,(anonymous_0)
FNF:1
FNH:1
FNDA:1,(anonymous_0)
DA:7,1
DA:8,1
DA:12,1
DA:19,1
LF:4
LH:4
BRDA:8,0,0,0
BRDA:8,0,1,1
BRF:2
BRH:1
end_of_record
TN:
SF:src/components/Form.tsx
FN:3,(anonymous_0)
FN:6,(anonymous_1)
FN:16,(anonymous_2)
FNF:3
FNH:3
FNDA:11,(anonymous_0)
FNDA:1,(anonymous_1)
FNDA:9,(anonymous_2)
DA:1,1
DA:3,1
DA:4,11
DA:6,11
DA:7,1
DA:8,1
DA:11,11
DA:16,9
DA:24,1
LF:9
LH:9
BRF:0
BRH:0
end_of_record
TN:
SF:src/components/SnapshotComponent.tsx
FN:5,(anonymous_0)
FNF:1
FNH:1
FNDA:1,(anonymous_0)
DA:5,1
DA:6,1
DA:13,1
LF:3
LH:3
BRF:0
BRH:0
end_of_record
TN:
SF:src/components/UserSearch.tsx
FN:16,(anonymous_0)
FN:20,(anonymous_1)
FN:27,(anonymous_2)
FNF:3
FNH:3
FNDA:12,(anonymous_0)
FNDA:2,(anonymous_1)
FNDA:8,(anonymous_2)
DA:8,1
DA:9,1
DA:16,1
DA:17,12
DA:18,12
DA:20,12
DA:21,2
DA:22,2
DA:25,12
DA:27,8
LF:10
LH:10
BRDA:29,0,0,12
BRDA:29,0,1,2
BRF:2
BRH:2
end_of_record
TN:
SF:src/hooks/useCounter.tsx
FN:3,(anonymous_0)
FN:6,(anonymous_1)
FN:6,(anonymous_2)
FN:7,(anonymous_3)
FN:7,(anonymous_4)
FNF:5
FNH:3
FNDA:2,(anonymous_0)
FNDA:1,(anonymous_1)
FNDA:1,(anonymous_2)
FNDA:0,(anonymous_3)
FNDA:0,(anonymous_4)
DA:1,1
DA:3,1
DA:4,2
DA:6,2
DA:7,2
DA:9,2
DA:12,1
LF:7
LH:7
BRF:0
BRH:0
end_of_record
